GROUP,PACKAGE,CLASS,INSTRUCTION_MISSED,INSTRUCTION_COVERED,BRANCH_MISSED,BRANCH_COVERED,LINE_MISSED,LINE_COVERED,COMPLEXITY_MISSED,COMPLEXITY_COVERED,METHOD_MISSED,METHOD_COVERED
qa-mesto-selenide-test,ru.mesto,AuthorizationPage,0,41,0,0,0,5,0,2,0,2
qa-mesto-selenide-test,ru.mesto,EditAvatarPopup,0,36,0,0,0,7,0,3,0,3
qa-mesto-selenide-test,ru.mesto,EditProfilePopup,0,54,0,0,0,10,0,4,0,4
qa-mesto-selenide-test,ru.mesto,AddCardPopup,0,54,0,0,0,10,0,4,0,4
qa-mesto-selenide-test,ru.mesto,HomePage,0,65,0,0,0,12,0,6,0,6
